


ARM Macro Assembler    Page 1 


    1 00000000                 AREA             Myprog, CODE, READONLY
    2 00000000                 ENTRY
    3 00000000                 EXPORT           __main
    4 00000000         
    5 00000000         ;don't change these addresses!
    6 00000000 4004A058 
                       PCR22   EQU              0x4004A058  ;PORTB_PCR22  addre
                                                            ss
    7 00000000 40048038 
                       SCGC5   EQU              0x40048038  ;SIM_SCGC5    addre
                                                            ss
    8 00000000 400FF054 
                       PDDR    EQU              0x400FF054  ;GPIOB_PDDR   addre
                                                            ss
    9 00000000 400FF048 
                       PCOR    EQU              0x400FF048  ;GPIOB_PCOR   addre
                                                            ss
   10 00000000 400FF044 
                       PSOR    EQU              0x400FF044  ;GPIOB_PSOR   addre
                                                            ss
   11 00000000         
   12 00000000 00000400 
                       ten     EQU              0x00000400  ; 1 << 10
   13 00000000 00000100 
                       eight   EQU              0x00000100  ; 1 << 8
   14 00000000 00400000 
                       twentytwo
                               EQU              0x00400000  ; 1 << 22
   15 00000000         
   16 00000000         __main
   17 00000000         ; Your code goes here!
   18 00000000         
   19 00000000 F000 F904       BL               LEDSETUP
   20 00000004 F04F 0000       MOV              R0, #0      ;load inpute number
                                                             here
   21 00000008 F000 F8E7       BL               fib
   22 0000000C F000 F850       BL               MorseDigit
   23 00000010 F000 F916       BL               DELAY3
   24 00000014 F000 F914       BL               DELAY3
   25 00000018 F000 F912       BL               DELAY3
   26 0000001C         
   27 0000001C F04F 0001       MOV              R0, #1      ;load inpute number
                                                             here
   28 00000020 F000 F8DB       BL               fib
   29 00000024 F000 F844       BL               MorseDigit
   30 00000028 F000 F90A       BL               DELAY3
   31 0000002C F000 F908       BL               DELAY3
   32 00000030 F000 F906       BL               DELAY3
   33 00000034         
   34 00000034 F04F 0002       MOV              R0, #2      ;load inpute number
                                                             here
   35 00000038 F000 F8CF       BL               fib
   36 0000003C F000 F838       BL               MorseDigit
   37 00000040 F000 F8FE       BL               DELAY3
   38 00000044 F000 F8FC       BL               DELAY3
   39 00000048 F000 F8FA       BL               DELAY3
   40 0000004C         
   41 0000004C F04F 0003       MOV              R0, #3      ;load inpute number
                                                             here



ARM Macro Assembler    Page 2 


   42 00000050 F000 F8C3       BL               fib
   43 00000054 F000 F82C       BL               MorseDigit
   44 00000058 F000 F8F2       BL               DELAY3
   45 0000005C F000 F8F0       BL               DELAY3
   46 00000060 F000 F8EE       BL               DELAY3
   47 00000064         
   48 00000064 F04F 0004       MOV              R0, #4      ;load inpute number
                                                             here
   49 00000068 F000 F8B7       BL               fib
   50 0000006C F000 F820       BL               MorseDigit
   51 00000070 F000 F8E6       BL               DELAY3
   52 00000074 F000 F8E4       BL               DELAY3
   53 00000078 F000 F8E2       BL               DELAY3
   54 0000007C         
   55 0000007C F04F 0005       MOV              R0, #5      ;load inpute number
                                                             here
   56 00000080 F000 F8AB       BL               fib
   57 00000084 F000 F814       BL               MorseDigit
   58 00000088 F000 F8DA       BL               DELAY3
   59 0000008C F000 F8D8       BL               DELAY3
   60 00000090 F000 F8D6       BL               DELAY3
   61 00000094         
   62 00000094 F04F 0006       MOV              R0, #6      ;load inpute number
                                                             here
   63 00000098 F000 F89F       BL               fib
   64 0000009C F000 F808       BL               MorseDigit
   65 000000A0 F000 F8CE       BL               DELAY3
   66 000000A4 F000 F8CC       BL               DELAY3
   67 000000A8 F000 F8CA       BL               DELAY3
   68 000000AC         
   69 000000AC         
   70 000000AC F000 F8FD       BL               forever
   71 000000B0         
   72 000000B0         MorseDigit
   73 000000B0 B500            PUSH             {LR}
   74 000000B2 2801            CMP              R0, #1
   75 000000B4 D10C            BNE              case2
   76 000000B6         
   77 000000B6 F000 F8E0       BL               DOT
   78 000000BA F000 F8EA       BL               DASH
   79 000000BE F000 F8E8       BL               DASH
   80 000000C2 F000 F8E6       BL               DASH
   81 000000C6 F000 F8E4       BL               DASH
   82 000000CA         
   83 000000CA F85D EB04       POP              {LR}
   84 000000CE 4770            BX               LR
   85 000000D0         
   86 000000D0         case2
   87 000000D0 2802            CMP              R0, #2
   88 000000D2 D10C            BNE              case3
   89 000000D4         
   90 000000D4 F000 F8D1       BL               DOT
   91 000000D8 F000 F8CF       BL               DOT
   92 000000DC F000 F8D9       BL               DASH
   93 000000E0 F000 F8D7       BL               DASH
   94 000000E4 F000 F8D5       BL               DASH
   95 000000E8         
   96 000000E8 F85D EB04       POP              {LR}
   97 000000EC 4770            BX               LR



ARM Macro Assembler    Page 3 


   98 000000EE         
   99 000000EE         case3
  100 000000EE 2803            CMP              R0, #3
  101 000000F0 D10B            BNE              case4
  102 000000F2         
  103 000000F2 F000 F8C2       BL               DOT
  104 000000F6 F000 F8C0       BL               DOT
  105 000000FA F000 F8BE       BL               DOT
  106 000000FE F000 F8C8       BL               DASH
  107 00000102 F000 F8C6       BL               DASH
  108 00000106         
  109 00000106 F000 F8D0       BL               forever
  110 0000010A         case4
  111 0000010A 2804            CMP              R0, #4
  112 0000010C D10C            BNE              case5
  113 0000010E         
  114 0000010E F000 F8B4       BL               DOT
  115 00000112 F000 F8B2       BL               DOT
  116 00000116 F000 F8B0       BL               DOT
  117 0000011A F000 F8AE       BL               DOT
  118 0000011E F000 F8B8       BL               DASH
  119 00000122         
  120 00000122 F85D EB04       POP              {LR}
  121 00000126 4770            BX               LR
  122 00000128         
  123 00000128         case5
  124 00000128 2805            CMP              R0, #5
  125 0000012A D10C            BNE              case6
  126 0000012C         
  127 0000012C F000 F8A5       BL               DOT
  128 00000130 F000 F8A3       BL               DOT
  129 00000134 F000 F8A1       BL               DOT
  130 00000138 F000 F89F       BL               DOT
  131 0000013C F000 F89D       BL               DOT
  132 00000140         
  133 00000140 F85D EB04       POP              {LR}
  134 00000144 4770            BX               LR
  135 00000146         
  136 00000146         case6
  137 00000146 2806            CMP              R0, #6
  138 00000148 D10C            BNE              case7
  139 0000014A         
  140 0000014A F000 F8A2       BL               DASH
  141 0000014E F000 F894       BL               DOT
  142 00000152 F000 F892       BL               DOT
  143 00000156 F000 F890       BL               DOT
  144 0000015A F000 F88E       BL               DOT
  145 0000015E         
  146 0000015E F85D EB04       POP              {LR}
  147 00000162 4770            BX               LR
  148 00000164         
  149 00000164         case7
  150 00000164 2807            CMP              R0, #7
  151 00000166 D10C            BNE              case8
  152 00000168         
  153 00000168 F000 F893       BL               DASH
  154 0000016C F000 F891       BL               DASH
  155 00000170 F000 F883       BL               DOT
  156 00000174 F000 F881       BL               DOT



ARM Macro Assembler    Page 4 


  157 00000178 F000 F87F       BL               DOT
  158 0000017C         
  159 0000017C F85D EB04       POP              {LR}
  160 00000180 4770            BX               LR
  161 00000182         
  162 00000182         case8
  163 00000182 2808            CMP              R0, #8
  164 00000184 D10C            BNE              case9
  165 00000186         
  166 00000186 F000 F884       BL               DASH
  167 0000018A F000 F882       BL               DASH
  168 0000018E F000 F880       BL               DASH
  169 00000192 F000 F872       BL               DOT
  170 00000196 F000 F870       BL               DOT
  171 0000019A         
  172 0000019A F85D EB04       POP              {LR}
  173 0000019E 4770            BX               LR
  174 000001A0         
  175 000001A0         case9
  176 000001A0 2809            CMP              R0, #9
  177 000001A2 D10C            BNE              case0
  178 000001A4         
  179 000001A4 F000 F875       BL               DASH
  180 000001A8 F000 F873       BL               DASH
  181 000001AC F000 F871       BL               DASH
  182 000001B0 F000 F86F       BL               DASH
  183 000001B4 F000 F861       BL               DOT
  184 000001B8         
  185 000001B8 F85D EB04       POP              {LR}
  186 000001BC 4770            BX               LR
  187 000001BE         
  188 000001BE         case0
  189 000001BE 2800            CMP              R0, #0
  190 000001C0         
  191 000001C0 F000 F867       BL               DASH
  192 000001C4 F000 F865       BL               DASH
  193 000001C8 F000 F863       BL               DASH
  194 000001CC F000 F861       BL               DASH
  195 000001D0 F000 F85F       BL               DASH
  196 000001D4         
  197 000001D4 F85D EB04       POP              {LR}
  198 000001D8 4770            BX               LR
  199 000001DA         
  200 000001DA         fib
  201 000001DA 2800            CMP              R0, #0
  202 000001DC DC02            BGT              greater0
  203 000001DE F04F 0000       MOV              R0, #0
  204 000001E2 4770            BX               LR
  205 000001E4         
  206 000001E4 1E40    greater0
                               SUBS             R0, R0, #1  ;R0 = n-1
  207 000001E6 2800            CMP              R0, #0
  208 000001E8 D102            BNE              recurse
  209 000001EA F04F 0001       MOV              R0, #1
  210 000001EE 4770            BX               LR
  211 000001F0         
  212 000001F0 B500    recurse PUSH             {LR}
  213 000001F2 B401            PUSH             {R0}        ;load n-1 into stac
                                                            k



ARM Macro Assembler    Page 5 


  214 000001F4 F7FF FFF1       BL               fib         ;fib with n-1
  215 000001F8 BC02            POP              {R1}        ;store n-1 in R1
  216 000001FA B401            PUSH             {R0}        ;loading fib(n-1) i
                                                            n stack
  217 000001FC 1E48            SUBS             R0, R1, #1  ; R0 = n-2
  218 000001FE F7FF FFEC       BL               fib         ; fib with n-2
  219 00000202 BC02            POP              {R1}        ;storing fib(n-1) i
                                                            n R1
  220 00000204 1840            ADDS             R0, R0, R1  ;return result fib(
                                                            n-1) + fib(n-2)
  221 00000206 F85D EB04       POP              {LR}
  222 0000020A 4770            BX               LR
  223 0000020C         
  224 0000020C         
  225 0000020C         ; Call this function first to set up the LED
  226 0000020C         LEDSETUP
  227 0000020C B430            PUSH             {R4, R5}    ; To preserve R4 an
                                                            d R5
  228 0000020E F44F 6480       LDR              R4, =ten    ; Load the value 1 
                                                            << 10
  229 00000212 4D26            LDR              R5, =SCGC5
  230 00000214 602C            STR              R4, [R5]
  231 00000216         
  232 00000216 F44F 7480       LDR              R4, =eight
  233 0000021A 4D25            LDR              R5, =PCR22
  234 0000021C 602C            STR              R4, [R5]
  235 0000021E         
  236 0000021E F44F 0480       LDR              R4, =twentytwo
  237 00000222 4D24            LDR              R5, =PDDR
  238 00000224 602C            STR              R4, [R5]
  239 00000226 BC30            POP              {R4, R5}
  240 00000228 4770            BX               LR
  241 0000022A         
  242 0000022A         ; The functions below are for you to use freely   
  243 0000022A         
  244 0000022A         
  245 0000022A         LED1
  246 0000022A F000 F818       BL               LEDON
  247 0000022E         
  248 0000022E         
  249 0000022E         DELAY1
  250 0000022E B410            PUSH             {R4}
  251 00000230 4C21            LDR              R4, =0xFFFFF
  252 00000232         loop1
  253 00000232 BF00            NOP
  254 00000234 BF00            NOP
  255 00000236 BF00            NOP
  256 00000238         
  257 00000238 3C01            SUBS             R4, #1
  258 0000023A D1FA            BNE              loop1
  259 0000023C BC10            POP              {R4}
  260 0000023E 4770            BX               LR
  261 00000240         
  262 00000240         
  263 00000240         DELAY3
  264 00000240 B410            PUSH             {R4}
  265 00000242 4C1D            LDR              R4, =0xFFFFF
  266 00000244         loop2
  267 00000244 BF00            NOP



ARM Macro Assembler    Page 6 


  268 00000246 BF00            NOP
  269 00000248 BF00            NOP
  270 0000024A BF00            NOP
  271 0000024C BF00            NOP
  272 0000024E BF00            NOP
  273 00000250 BF00            NOP
  274 00000252 BF00            NOP
  275 00000254 BF00            NOP
  276 00000256         
  277 00000256         
  278 00000256 3C01            SUBS             R4, #1
  279 00000258 D1F4            BNE              loop2
  280 0000025A BC10            POP              {R4}
  281 0000025C 4770            BX               LR
  282 0000025E         LEDON
  283 0000025E B430            PUSH             {R4, R5}
  284 00000260 F44F 0480       LDR              R4, =twentytwo
  285 00000264 4D15            LDR              R5, =PCOR
  286 00000266 602C            STR              R4, [R5]
  287 00000268 BC30            POP              {R4, R5}
  288 0000026A 4770            BX               LR
  289 0000026C         LEDOFF
  290 0000026C B430            PUSH             {R4, R5}
  291 0000026E F44F 0480       LDR              R4, =twentytwo
  292 00000272 4D13            LDR              R5, =PSOR
  293 00000274 602C            STR              R4, [R5]
  294 00000276 BC30            POP              {R4, R5}
  295 00000278 4770            BX               LR
  296 0000027A         DOT
  297 0000027A B500            PUSH             {LR}
  298 0000027C F7FF FFEF       BL               LEDON
  299 00000280 F7FF FFD5       BL               DELAY1
  300 00000284 F7FF FFF2       BL               LEDOFF
  301 00000288 F7FF FFD1       BL               DELAY1
  302 0000028C F85D EB04       POP{LR}
  303 00000290 4770            BX               LR
  304 00000292         
  305 00000292         DASH
  306 00000292 B500            PUSH             {LR}
  307 00000294 F7FF FFE3       BL               LEDON
  308 00000298 F7FF FFD2       BL               DELAY3
  309 0000029C F7FF FFE6       BL               LEDOFF
  310 000002A0 F7FF FFC5       BL               DELAY1
  311 000002A4 F85D EB04       POP{LR}
  312 000002A8 4770            BX               LR
  313 000002AA         
  314 000002AA         
  315 000002AA         forever
  316 000002AA E7FE            B                forever     ; wait here forever
                                                             
  317 000002AC                 END
              40048038 
              4004A058 
              400FF054 
              000FFFFF 
              400FF048 
              400FF044 
Command Line: --debug --xref --diag_suppress=9931 --cpu=Cortex-M4.fp --apcs=int
erwork --depend=.\objects\part3.d -o.\objects\part3.o -I"C:\Users\Eric the Grea



ARM Macro Assembler    Page 7 


t\Documents\Cornell University\ECE 3140\Lab1\RTE\Device\MK64FN1M0VLL12" -I"C:\U
sers\Eric the Great\Documents\Cornell University\ECE 3140\Lab1\RTE\_Target_1" -
IC:\Keil_v5\ARM\PACK\ARM\CMSIS\5.0.0\CMSIS\Include -IC:\Keil_v5\ARM\PACK\Keil\K
inetis_SDK_DFP\2.2.0\platform\devices --predefine="__EVAL SETA 1" --predefine="
__UVISION_VERSION SETA 522" --predefine="_RTE_ SETA 1" --predefine="CPU_MK64FN1
M0VLL12 SETA 1" --list=.\listings\part3.lst Part3.s



ARM Macro Assembler    Page 1 Alphabetic symbol ordering
Relocatable symbols

DASH 00000292

Symbol: DASH
   Definitions
      At line 305 in file Part3.s
   Uses
      At line 78 in file Part3.s
      At line 79 in file Part3.s
      At line 80 in file Part3.s
      At line 81 in file Part3.s
      At line 92 in file Part3.s
      At line 93 in file Part3.s
      At line 94 in file Part3.s
      At line 106 in file Part3.s
      At line 107 in file Part3.s
      At line 118 in file Part3.s
      At line 140 in file Part3.s
      At line 153 in file Part3.s
      At line 154 in file Part3.s
      At line 166 in file Part3.s
      At line 167 in file Part3.s
      At line 168 in file Part3.s
      At line 179 in file Part3.s
      At line 180 in file Part3.s
      At line 181 in file Part3.s
      At line 182 in file Part3.s
      At line 191 in file Part3.s
      At line 192 in file Part3.s
      At line 193 in file Part3.s
      At line 194 in file Part3.s
      At line 195 in file Part3.s

DELAY1 0000022E

Symbol: DELAY1
   Definitions
      At line 249 in file Part3.s
   Uses
      At line 299 in file Part3.s
      At line 301 in file Part3.s
      At line 310 in file Part3.s

DELAY3 00000240

Symbol: DELAY3
   Definitions
      At line 263 in file Part3.s
   Uses
      At line 23 in file Part3.s
      At line 24 in file Part3.s
      At line 25 in file Part3.s
      At line 30 in file Part3.s
      At line 31 in file Part3.s
      At line 32 in file Part3.s
      At line 37 in file Part3.s
      At line 38 in file Part3.s
      At line 39 in file Part3.s
      At line 44 in file Part3.s
      At line 45 in file Part3.s



ARM Macro Assembler    Page 2 Alphabetic symbol ordering
Relocatable symbols

      At line 46 in file Part3.s
      At line 51 in file Part3.s
      At line 52 in file Part3.s
      At line 53 in file Part3.s
      At line 58 in file Part3.s
      At line 59 in file Part3.s
      At line 60 in file Part3.s
      At line 65 in file Part3.s
      At line 66 in file Part3.s
      At line 67 in file Part3.s
      At line 308 in file Part3.s

DOT 0000027A

Symbol: DOT
   Definitions
      At line 296 in file Part3.s
   Uses
      At line 77 in file Part3.s
      At line 90 in file Part3.s
      At line 91 in file Part3.s
      At line 103 in file Part3.s
      At line 104 in file Part3.s
      At line 105 in file Part3.s
      At line 114 in file Part3.s
      At line 115 in file Part3.s
      At line 116 in file Part3.s
      At line 117 in file Part3.s
      At line 127 in file Part3.s
      At line 128 in file Part3.s
      At line 129 in file Part3.s
      At line 130 in file Part3.s
      At line 131 in file Part3.s
      At line 141 in file Part3.s
      At line 142 in file Part3.s
      At line 143 in file Part3.s
      At line 144 in file Part3.s
      At line 155 in file Part3.s
      At line 156 in file Part3.s
      At line 157 in file Part3.s
      At line 169 in file Part3.s
      At line 170 in file Part3.s
      At line 183 in file Part3.s

LED1 0000022A

Symbol: LED1
   Definitions
      At line 245 in file Part3.s
   Uses
      None
Comment: LED1 unused
LEDOFF 0000026C

Symbol: LEDOFF
   Definitions
      At line 289 in file Part3.s
   Uses
      At line 300 in file Part3.s



ARM Macro Assembler    Page 3 Alphabetic symbol ordering
Relocatable symbols

      At line 309 in file Part3.s

LEDON 0000025E

Symbol: LEDON
   Definitions
      At line 282 in file Part3.s
   Uses
      At line 246 in file Part3.s
      At line 298 in file Part3.s
      At line 307 in file Part3.s

LEDSETUP 0000020C

Symbol: LEDSETUP
   Definitions
      At line 226 in file Part3.s
   Uses
      At line 19 in file Part3.s
Comment: LEDSETUP used once
MorseDigit 000000B0

Symbol: MorseDigit
   Definitions
      At line 72 in file Part3.s
   Uses
      At line 22 in file Part3.s
      At line 29 in file Part3.s
      At line 36 in file Part3.s
      At line 43 in file Part3.s
      At line 50 in file Part3.s
      At line 57 in file Part3.s
      At line 64 in file Part3.s

Myprog 00000000

Symbol: Myprog
   Definitions
      At line 1 in file Part3.s
   Uses
      None
Comment: Myprog unused
__main 00000000

Symbol: __main
   Definitions
      At line 16 in file Part3.s
   Uses
      At line 3 in file Part3.s
Comment: __main used once
case0 000001BE

Symbol: case0
   Definitions
      At line 188 in file Part3.s
   Uses
      At line 177 in file Part3.s
Comment: case0 used once
case2 000000D0



ARM Macro Assembler    Page 4 Alphabetic symbol ordering
Relocatable symbols


Symbol: case2
   Definitions
      At line 86 in file Part3.s
   Uses
      At line 75 in file Part3.s
Comment: case2 used once
case3 000000EE

Symbol: case3
   Definitions
      At line 99 in file Part3.s
   Uses
      At line 88 in file Part3.s
Comment: case3 used once
case4 0000010A

Symbol: case4
   Definitions
      At line 110 in file Part3.s
   Uses
      At line 101 in file Part3.s
Comment: case4 used once
case5 00000128

Symbol: case5
   Definitions
      At line 123 in file Part3.s
   Uses
      At line 112 in file Part3.s
Comment: case5 used once
case6 00000146

Symbol: case6
   Definitions
      At line 136 in file Part3.s
   Uses
      At line 125 in file Part3.s
Comment: case6 used once
case7 00000164

Symbol: case7
   Definitions
      At line 149 in file Part3.s
   Uses
      At line 138 in file Part3.s
Comment: case7 used once
case8 00000182

Symbol: case8
   Definitions
      At line 162 in file Part3.s
   Uses
      At line 151 in file Part3.s
Comment: case8 used once
case9 000001A0

Symbol: case9
   Definitions



ARM Macro Assembler    Page 5 Alphabetic symbol ordering
Relocatable symbols

      At line 175 in file Part3.s
   Uses
      At line 164 in file Part3.s
Comment: case9 used once
fib 000001DA

Symbol: fib
   Definitions
      At line 200 in file Part3.s
   Uses
      At line 21 in file Part3.s
      At line 28 in file Part3.s
      At line 35 in file Part3.s
      At line 42 in file Part3.s
      At line 49 in file Part3.s
      At line 56 in file Part3.s
      At line 63 in file Part3.s
      At line 214 in file Part3.s
      At line 218 in file Part3.s

forever 000002AA

Symbol: forever
   Definitions
      At line 315 in file Part3.s
   Uses
      At line 70 in file Part3.s
      At line 109 in file Part3.s
      At line 316 in file Part3.s

greater0 000001E4

Symbol: greater0
   Definitions
      At line 206 in file Part3.s
   Uses
      At line 202 in file Part3.s
Comment: greater0 used once
loop1 00000232

Symbol: loop1
   Definitions
      At line 252 in file Part3.s
   Uses
      At line 258 in file Part3.s
Comment: loop1 used once
loop2 00000244

Symbol: loop2
   Definitions
      At line 266 in file Part3.s
   Uses
      At line 279 in file Part3.s
Comment: loop2 used once
recurse 000001F0

Symbol: recurse
   Definitions
      At line 212 in file Part3.s



ARM Macro Assembler    Page 6 Alphabetic symbol ordering
Relocatable symbols

   Uses
      At line 208 in file Part3.s
Comment: recurse used once
26 symbols



ARM Macro Assembler    Page 1 Alphabetic symbol ordering
Absolute symbols

PCOR 400FF048

Symbol: PCOR
   Definitions
      At line 9 in file Part3.s
   Uses
      At line 285 in file Part3.s
Comment: PCOR used once
PCR22 4004A058

Symbol: PCR22
   Definitions
      At line 6 in file Part3.s
   Uses
      At line 233 in file Part3.s
Comment: PCR22 used once
PDDR 400FF054

Symbol: PDDR
   Definitions
      At line 8 in file Part3.s
   Uses
      At line 237 in file Part3.s
Comment: PDDR used once
PSOR 400FF044

Symbol: PSOR
   Definitions
      At line 10 in file Part3.s
   Uses
      At line 292 in file Part3.s
Comment: PSOR used once
SCGC5 40048038

Symbol: SCGC5
   Definitions
      At line 7 in file Part3.s
   Uses
      At line 229 in file Part3.s
Comment: SCGC5 used once
eight 00000100

Symbol: eight
   Definitions
      At line 13 in file Part3.s
   Uses
      At line 232 in file Part3.s
Comment: eight used once
ten 00000400

Symbol: ten
   Definitions
      At line 12 in file Part3.s
   Uses
      At line 228 in file Part3.s
Comment: ten used once
twentytwo 00400000

Symbol: twentytwo



ARM Macro Assembler    Page 2 Alphabetic symbol ordering
Absolute symbols

   Definitions
      At line 14 in file Part3.s
   Uses
      At line 236 in file Part3.s
      At line 284 in file Part3.s
      At line 291 in file Part3.s

8 symbols
371 symbols in table
