


ARM Macro Assembler    Page 1 


    1 00000000                 AREA             Myprog, CODE, READONLY
    2 00000000                 ENTRY
    3 00000000                 EXPORT           __main
    4 00000000         
    5 00000000         ;don't change these addresses!
    6 00000000 4004A058 
                       PCR22   EQU              0x4004A058  ;PORTB_PCR22  addre
                                                            ss
    7 00000000 40048038 
                       SCGC5   EQU              0x40048038  ;SIM_SCGC5    addre
                                                            ss
    8 00000000 400FF054 
                       PDDR    EQU              0x400FF054  ;GPIOB_PDDR   addre
                                                            ss
    9 00000000 400FF048 
                       PCOR    EQU              0x400FF048  ;GPIOB_PCOR   addre
                                                            ss
   10 00000000 400FF044 
                       PSOR    EQU              0x400FF044  ;GPIOB_PSOR   addre
                                                            ss
   11 00000000         
   12 00000000 00000400 
                       ten     EQU              0x00000400  ; 1 << 10
   13 00000000 00000100 
                       eight   EQU              0x00000100  ; 1 << 8
   14 00000000 00400000 
                       twentytwo
                               EQU              0x00400000  ; 1 << 22
   15 00000000         
   16 00000000         __main
   17 00000000         ; Your code goes here!
   18 00000000         
   19 00000000 F000 F89B       BL               LEDSETUP
   20 00000004 F04F 0004       MOV              R0, #4      ;load inpute number
                                                             here
   21 00000008         
   22 00000008 F000 F802       BL               MorseDigit
   23 0000000C         
   24 0000000C F000 F8E4       BL               forever
   25 00000010         
   26 00000010         MorseDigit
   27 00000010 B500            PUSH             {LR}
   28 00000012 2801            CMP              R0, #1
   29 00000014 D10C            BNE              case2
   30 00000016         
   31 00000016 F000 F8C7       BL               DOT
   32 0000001A F000 F8D1       BL               DASH
   33 0000001E F000 F8CF       BL               DASH
   34 00000022 F000 F8CD       BL               DASH
   35 00000026 F000 F8CB       BL               DASH
   36 0000002A         
   37 0000002A F85D EB04       POP              {LR}
   38 0000002E 4770            BX               LR
   39 00000030         
   40 00000030         case2
   41 00000030 2802            CMP              R0, #2
   42 00000032 D10C            BNE              case3
   43 00000034         
   44 00000034 F000 F8B8       BL               DOT



ARM Macro Assembler    Page 2 


   45 00000038 F000 F8B6       BL               DOT
   46 0000003C F000 F8C0       BL               DASH
   47 00000040 F000 F8BE       BL               DASH
   48 00000044 F000 F8BC       BL               DASH
   49 00000048         
   50 00000048 F85D EB04       POP              {LR}
   51 0000004C 4770            BX               LR
   52 0000004E         
   53 0000004E         case3
   54 0000004E 2803            CMP              R0, #3
   55 00000050 D10B            BNE              case4
   56 00000052         
   57 00000052 F000 F8A9       BL               DOT
   58 00000056 F000 F8A7       BL               DOT
   59 0000005A F000 F8A5       BL               DOT
   60 0000005E F000 F8AF       BL               DASH
   61 00000062 F000 F8AD       BL               DASH
   62 00000066         
   63 00000066 F000 F8B7       BL               forever
   64 0000006A         case4
   65 0000006A 2804            CMP              R0, #4
   66 0000006C D10C            BNE              case5
   67 0000006E         
   68 0000006E F000 F89B       BL               DOT
   69 00000072 F000 F899       BL               DOT
   70 00000076 F000 F897       BL               DOT
   71 0000007A F000 F895       BL               DOT
   72 0000007E F000 F89F       BL               DASH
   73 00000082         
   74 00000082 F85D EB04       POP              {LR}
   75 00000086 4770            BX               LR
   76 00000088         
   77 00000088         case5
   78 00000088 2805            CMP              R0, #5
   79 0000008A D10C            BNE              case6
   80 0000008C         
   81 0000008C F000 F88C       BL               DOT
   82 00000090 F000 F88A       BL               DOT
   83 00000094 F000 F888       BL               DOT
   84 00000098 F000 F886       BL               DOT
   85 0000009C F000 F884       BL               DOT
   86 000000A0         
   87 000000A0 F85D EB04       POP              {LR}
   88 000000A4 4770            BX               LR
   89 000000A6         
   90 000000A6         case6
   91 000000A6 2806            CMP              R0, #6
   92 000000A8 D10C            BNE              case7
   93 000000AA         
   94 000000AA F000 F889       BL               DASH
   95 000000AE F000 F87B       BL               DOT
   96 000000B2 F000 F879       BL               DOT
   97 000000B6 F000 F877       BL               DOT
   98 000000BA F000 F875       BL               DOT
   99 000000BE         
  100 000000BE F85D EB04       POP              {LR}
  101 000000C2 4770            BX               LR
  102 000000C4         
  103 000000C4         case7



ARM Macro Assembler    Page 3 


  104 000000C4 2807            CMP              R0, #7
  105 000000C6 D10C            BNE              case8
  106 000000C8         
  107 000000C8 F000 F87A       BL               DASH
  108 000000CC F000 F878       BL               DASH
  109 000000D0 F000 F86A       BL               DOT
  110 000000D4 F000 F868       BL               DOT
  111 000000D8 F000 F866       BL               DOT
  112 000000DC         
  113 000000DC F85D EB04       POP              {LR}
  114 000000E0 4770            BX               LR
  115 000000E2         
  116 000000E2         case8
  117 000000E2 2808            CMP              R0, #8
  118 000000E4 D10C            BNE              case9
  119 000000E6         
  120 000000E6 F000 F86B       BL               DASH
  121 000000EA F000 F869       BL               DASH
  122 000000EE F000 F867       BL               DASH
  123 000000F2 F000 F859       BL               DOT
  124 000000F6 F000 F857       BL               DOT
  125 000000FA         
  126 000000FA F85D EB04       POP              {LR}
  127 000000FE 4770            BX               LR
  128 00000100         
  129 00000100         case9
  130 00000100 2809            CMP              R0, #9
  131 00000102 D10C            BNE              case0
  132 00000104         
  133 00000104 F000 F85C       BL               DASH
  134 00000108 F000 F85A       BL               DASH
  135 0000010C F000 F858       BL               DASH
  136 00000110 F000 F856       BL               DASH
  137 00000114 F000 F848       BL               DOT
  138 00000118         
  139 00000118 F85D EB04       POP              {LR}
  140 0000011C 4770            BX               LR
  141 0000011E         
  142 0000011E         case0
  143 0000011E 2800            CMP              R0, #0
  144 00000120         
  145 00000120 F000 F84E       BL               DASH
  146 00000124 F000 F84C       BL               DASH
  147 00000128 F000 F84A       BL               DASH
  148 0000012C F000 F848       BL               DASH
  149 00000130 F000 F846       BL               DASH
  150 00000134         
  151 00000134 F85D EB04       POP              {LR}
  152 00000138 4770            BX               LR
  153 0000013A         fib
  154 0000013A         ; Your code goes here!
  155 0000013A         
  156 0000013A         ; Call this function first to set up the LED
  157 0000013A         LEDSETUP
  158 0000013A B430            PUSH             {R4, R5}    ; To preserve R4 an
                                                            d R5
  159 0000013C F44F 6480       LDR              R4, =ten    ; Load the value 1 
                                                            << 10
  160 00000140 4D26            LDR              R5, =SCGC5



ARM Macro Assembler    Page 4 


  161 00000142 602C            STR              R4, [R5]
  162 00000144         
  163 00000144 F44F 7480       LDR              R4, =eight
  164 00000148 4D25            LDR              R5, =PCR22
  165 0000014A 602C            STR              R4, [R5]
  166 0000014C         
  167 0000014C F44F 0480       LDR              R4, =twentytwo
  168 00000150 4D24            LDR              R5, =PDDR
  169 00000152 602C            STR              R4, [R5]
  170 00000154 BC30            POP              {R4, R5}
  171 00000156 4770            BX               LR
  172 00000158         
  173 00000158         ; The functions below are for you to use freely   
  174 00000158         
  175 00000158         
  176 00000158         LED1
  177 00000158 F000 F818       BL               LEDON
  178 0000015C         
  179 0000015C         
  180 0000015C         DELAY1
  181 0000015C B410            PUSH             {R4}
  182 0000015E 4C22            LDR              R4, =0xFFFFF
  183 00000160         loop1
  184 00000160 BF00            NOP
  185 00000162 BF00            NOP
  186 00000164 BF00            NOP
  187 00000166         
  188 00000166 3C01            SUBS             R4, #1
  189 00000168 D1FA            BNE              loop1
  190 0000016A BC10            POP              {R4}
  191 0000016C 4770            BX               LR
  192 0000016E         
  193 0000016E         
  194 0000016E         DELAY3
  195 0000016E B410            PUSH             {R4}
  196 00000170 4C1D            LDR              R4, =0xFFFFF
  197 00000172         loop2
  198 00000172 BF00            NOP
  199 00000174 BF00            NOP
  200 00000176 BF00            NOP
  201 00000178 BF00            NOP
  202 0000017A BF00            NOP
  203 0000017C BF00            NOP
  204 0000017E BF00            NOP
  205 00000180 BF00            NOP
  206 00000182 BF00            NOP
  207 00000184         
  208 00000184         
  209 00000184 3C01            SUBS             R4, #1
  210 00000186 D1F4            BNE              loop2
  211 00000188 BC10            POP              {R4}
  212 0000018A 4770            BX               LR
  213 0000018C         LEDON
  214 0000018C B430            PUSH             {R4, R5}
  215 0000018E F44F 0480       LDR              R4, =twentytwo
  216 00000192 4D16            LDR              R5, =PCOR
  217 00000194 602C            STR              R4, [R5]
  218 00000196 BC30            POP              {R4, R5}
  219 00000198 4770            BX               LR



ARM Macro Assembler    Page 5 


  220 0000019A         LEDOFF
  221 0000019A B430            PUSH             {R4, R5}
  222 0000019C F44F 0480       LDR              R4, =twentytwo
  223 000001A0 4D13            LDR              R5, =PSOR
  224 000001A2 602C            STR              R4, [R5]
  225 000001A4 BC30            POP              {R4, R5}
  226 000001A6 4770            BX               LR
  227 000001A8         DOT
  228 000001A8 B500            PUSH             {LR}
  229 000001AA F7FF FFEF       BL               LEDON
  230 000001AE F7FF FFD5       BL               DELAY1
  231 000001B2 F7FF FFF2       BL               LEDOFF
  232 000001B6 F7FF FFD1       BL               DELAY1
  233 000001BA F85D EB04       POP{LR}
  234 000001BE 4770            BX               LR
  235 000001C0         
  236 000001C0         DASH
  237 000001C0 B500            PUSH             {LR}
  238 000001C2 F7FF FFE3       BL               LEDON
  239 000001C6 F7FF FFD2       BL               DELAY3
  240 000001CA F7FF FFE6       BL               LEDOFF
  241 000001CE F7FF FFC5       BL               DELAY1
  242 000001D2 F85D EB04       POP{LR}
  243 000001D6 4770            BX               LR
  244 000001D8         
  245 000001D8         
  246 000001D8         forever
  247 000001D8 E7FE            B                forever     ; wait here forever
                                                             
  248 000001DA                 END
              00 00 40048038 
              4004A058 
              400FF054 
              000FFFFF 
              400FF048 
              400FF044 
Command Line: --debug --xref --diag_suppress=9931 --cpu=Cortex-M4.fp --apcs=int
erwork --depend=.\objects\part2.d -o.\objects\part2.o -I"C:\Users\Eric the Grea
t\Documents\Cornell University\ECE 3140\Lab1\RTE\Device\MK64FN1M0VLL12" -I"C:\U
sers\Eric the Great\Documents\Cornell University\ECE 3140\Lab1\RTE\_Target_1" -
IC:\Keil_v5\ARM\PACK\ARM\CMSIS\5.0.0\CMSIS\Include -IC:\Keil_v5\ARM\PACK\Keil\K
inetis_SDK_DFP\2.2.0\platform\devices --predefine="__EVAL SETA 1" --predefine="
__UVISION_VERSION SETA 522" --predefine="_RTE_ SETA 1" --predefine="CPU_MK64FN1
M0VLL12 SETA 1" --list=.\listings\part2.lst Part2.s



ARM Macro Assembler    Page 1 Alphabetic symbol ordering
Relocatable symbols

DASH 000001C0

Symbol: DASH
   Definitions
      At line 236 in file Part2.s
   Uses
      At line 32 in file Part2.s
      At line 33 in file Part2.s
      At line 34 in file Part2.s
      At line 35 in file Part2.s
      At line 46 in file Part2.s
      At line 47 in file Part2.s
      At line 48 in file Part2.s
      At line 60 in file Part2.s
      At line 61 in file Part2.s
      At line 72 in file Part2.s
      At line 94 in file Part2.s
      At line 107 in file Part2.s
      At line 108 in file Part2.s
      At line 120 in file Part2.s
      At line 121 in file Part2.s
      At line 122 in file Part2.s
      At line 133 in file Part2.s
      At line 134 in file Part2.s
      At line 135 in file Part2.s
      At line 136 in file Part2.s
      At line 145 in file Part2.s
      At line 146 in file Part2.s
      At line 147 in file Part2.s
      At line 148 in file Part2.s
      At line 149 in file Part2.s

DELAY1 0000015C

Symbol: DELAY1
   Definitions
      At line 180 in file Part2.s
   Uses
      At line 230 in file Part2.s
      At line 232 in file Part2.s
      At line 241 in file Part2.s

DELAY3 0000016E

Symbol: DELAY3
   Definitions
      At line 194 in file Part2.s
   Uses
      At line 239 in file Part2.s
Comment: DELAY3 used once
DOT 000001A8

Symbol: DOT
   Definitions
      At line 227 in file Part2.s
   Uses
      At line 31 in file Part2.s
      At line 44 in file Part2.s
      At line 45 in file Part2.s



ARM Macro Assembler    Page 2 Alphabetic symbol ordering
Relocatable symbols

      At line 57 in file Part2.s
      At line 58 in file Part2.s
      At line 59 in file Part2.s
      At line 68 in file Part2.s
      At line 69 in file Part2.s
      At line 70 in file Part2.s
      At line 71 in file Part2.s
      At line 81 in file Part2.s
      At line 82 in file Part2.s
      At line 83 in file Part2.s
      At line 84 in file Part2.s
      At line 85 in file Part2.s
      At line 95 in file Part2.s
      At line 96 in file Part2.s
      At line 97 in file Part2.s
      At line 98 in file Part2.s
      At line 109 in file Part2.s
      At line 110 in file Part2.s
      At line 111 in file Part2.s
      At line 123 in file Part2.s
      At line 124 in file Part2.s
      At line 137 in file Part2.s

LED1 00000158

Symbol: LED1
   Definitions
      At line 176 in file Part2.s
   Uses
      None
Comment: LED1 unused
LEDOFF 0000019A

Symbol: LEDOFF
   Definitions
      At line 220 in file Part2.s
   Uses
      At line 231 in file Part2.s
      At line 240 in file Part2.s

LEDON 0000018C

Symbol: LEDON
   Definitions
      At line 213 in file Part2.s
   Uses
      At line 177 in file Part2.s
      At line 229 in file Part2.s
      At line 238 in file Part2.s

LEDSETUP 0000013A

Symbol: LEDSETUP
   Definitions
      At line 157 in file Part2.s
   Uses
      At line 19 in file Part2.s
Comment: LEDSETUP used once
MorseDigit 00000010



ARM Macro Assembler    Page 3 Alphabetic symbol ordering
Relocatable symbols


Symbol: MorseDigit
   Definitions
      At line 26 in file Part2.s
   Uses
      At line 22 in file Part2.s
Comment: MorseDigit used once
Myprog 00000000

Symbol: Myprog
   Definitions
      At line 1 in file Part2.s
   Uses
      None
Comment: Myprog unused
__main 00000000

Symbol: __main
   Definitions
      At line 16 in file Part2.s
   Uses
      At line 3 in file Part2.s
Comment: __main used once
case0 0000011E

Symbol: case0
   Definitions
      At line 142 in file Part2.s
   Uses
      At line 131 in file Part2.s
Comment: case0 used once
case2 00000030

Symbol: case2
   Definitions
      At line 40 in file Part2.s
   Uses
      At line 29 in file Part2.s
Comment: case2 used once
case3 0000004E

Symbol: case3
   Definitions
      At line 53 in file Part2.s
   Uses
      At line 42 in file Part2.s
Comment: case3 used once
case4 0000006A

Symbol: case4
   Definitions
      At line 64 in file Part2.s
   Uses
      At line 55 in file Part2.s
Comment: case4 used once
case5 00000088

Symbol: case5
   Definitions



ARM Macro Assembler    Page 4 Alphabetic symbol ordering
Relocatable symbols

      At line 77 in file Part2.s
   Uses
      At line 66 in file Part2.s
Comment: case5 used once
case6 000000A6

Symbol: case6
   Definitions
      At line 90 in file Part2.s
   Uses
      At line 79 in file Part2.s
Comment: case6 used once
case7 000000C4

Symbol: case7
   Definitions
      At line 103 in file Part2.s
   Uses
      At line 92 in file Part2.s
Comment: case7 used once
case8 000000E2

Symbol: case8
   Definitions
      At line 116 in file Part2.s
   Uses
      At line 105 in file Part2.s
Comment: case8 used once
case9 00000100

Symbol: case9
   Definitions
      At line 129 in file Part2.s
   Uses
      At line 118 in file Part2.s
Comment: case9 used once
fib 0000013A

Symbol: fib
   Definitions
      At line 153 in file Part2.s
   Uses
      None
Comment: fib unused
forever 000001D8

Symbol: forever
   Definitions
      At line 246 in file Part2.s
   Uses
      At line 24 in file Part2.s
      At line 63 in file Part2.s
      At line 247 in file Part2.s

loop1 00000160

Symbol: loop1
   Definitions
      At line 183 in file Part2.s



ARM Macro Assembler    Page 5 Alphabetic symbol ordering
Relocatable symbols

   Uses
      At line 189 in file Part2.s
Comment: loop1 used once
loop2 00000172

Symbol: loop2
   Definitions
      At line 197 in file Part2.s
   Uses
      At line 210 in file Part2.s
Comment: loop2 used once
24 symbols



ARM Macro Assembler    Page 1 Alphabetic symbol ordering
Absolute symbols

PCOR 400FF048

Symbol: PCOR
   Definitions
      At line 9 in file Part2.s
   Uses
      At line 216 in file Part2.s
Comment: PCOR used once
PCR22 4004A058

Symbol: PCR22
   Definitions
      At line 6 in file Part2.s
   Uses
      At line 164 in file Part2.s
Comment: PCR22 used once
PDDR 400FF054

Symbol: PDDR
   Definitions
      At line 8 in file Part2.s
   Uses
      At line 168 in file Part2.s
Comment: PDDR used once
PSOR 400FF044

Symbol: PSOR
   Definitions
      At line 10 in file Part2.s
   Uses
      At line 223 in file Part2.s
Comment: PSOR used once
SCGC5 40048038

Symbol: SCGC5
   Definitions
      At line 7 in file Part2.s
   Uses
      At line 160 in file Part2.s
Comment: SCGC5 used once
eight 00000100

Symbol: eight
   Definitions
      At line 13 in file Part2.s
   Uses
      At line 163 in file Part2.s
Comment: eight used once
ten 00000400

Symbol: ten
   Definitions
      At line 12 in file Part2.s
   Uses
      At line 159 in file Part2.s
Comment: ten used once
twentytwo 00400000

Symbol: twentytwo



ARM Macro Assembler    Page 2 Alphabetic symbol ordering
Absolute symbols

   Definitions
      At line 14 in file Part2.s
   Uses
      At line 167 in file Part2.s
      At line 215 in file Part2.s
      At line 222 in file Part2.s

8 symbols
369 symbols in table
