


ARM Macro Assembler    Page 1 


    1 00000000                 AREA             Myprog, CODE, READONLY
    2 00000000                 ENTRY
    3 00000000                 EXPORT           __main
    4 00000000         
    5 00000000         ;don't change these addresses!
    6 00000000 4004A058 
                       PCR22   EQU              0x4004A058  ;PORTB_PCR22  addre
                                                            ss
    7 00000000 40048038 
                       SCGC5   EQU              0x40048038  ;SIM_SCGC5    addre
                                                            ss
    8 00000000 400FF054 
                       PDDR    EQU              0x400FF054  ;GPIOB_PDDR   addre
                                                            ss
    9 00000000 400FF048 
                       PCOR    EQU              0x400FF048  ;GPIOB_PCOR   addre
                                                            ss
   10 00000000 400FF044 
                       PSOR    EQU              0x400FF044  ;GPIOB_PSOR   addre
                                                            ss
   11 00000000         
   12 00000000 00000400 
                       ten     EQU              0x00000400  ; 1 << 10
   13 00000000 00000100 
                       eight   EQU              0x00000100  ; 1 << 8
   14 00000000 00400000 
                       twentytwo
                               EQU              0x00400000  ; 1 << 22
   15 00000000         
   16 00000000         __main
   17 00000000         ; Your code goes here!
   18 00000000         
   19 00000000 F000 F88D       BL               LEDSETUP
   20 00000004 F04F 0001       MOV              R0, #1      ;load inpute number
                                                             here
   21 00000008         
   22 00000008         case1
   23 00000008 2801            CMP              R0, #1
   24 0000000A D10B            BNE              case2
   25 0000000C         
   26 0000000C F000 F8B8       BL               DOT
   27 00000010 F000 F8C2       BL               DASH
   28 00000014 F000 F8C0       BL               DASH
   29 00000018 F000 F8BE       BL               DASH
   30 0000001C F000 F8BC       BL               DASH
   31 00000020         
   32 00000020 F000 F8C6       BL               forever
   33 00000024         
   34 00000024         case2
   35 00000024 2802            CMP              R0, #2
   36 00000026 D10B            BNE              case3
   37 00000028         
   38 00000028 F000 F8AA       BL               DOT
   39 0000002C F000 F8A8       BL               DOT
   40 00000030 F000 F8B2       BL               DASH
   41 00000034 F000 F8B0       BL               DASH
   42 00000038 F000 F8AE       BL               DASH
   43 0000003C         
   44 0000003C F000 F8B8       BL               forever



ARM Macro Assembler    Page 2 


   45 00000040         
   46 00000040         case3
   47 00000040 2803            CMP              R0, #3
   48 00000042 D10B            BNE              case4
   49 00000044         
   50 00000044 F000 F89C       BL               DOT
   51 00000048 F000 F89A       BL               DOT
   52 0000004C F000 F898       BL               DOT
   53 00000050 F000 F8A2       BL               DASH
   54 00000054 F000 F8A0       BL               DASH
   55 00000058         
   56 00000058 F000 F8AA       BL               forever
   57 0000005C         case4
   58 0000005C 2804            CMP              R0, #4
   59 0000005E D10B            BNE              case5
   60 00000060         
   61 00000060 F000 F88E       BL               DOT
   62 00000064 F000 F88C       BL               DOT
   63 00000068 F000 F88A       BL               DOT
   64 0000006C F000 F888       BL               DOT
   65 00000070 F000 F892       BL               DASH
   66 00000074         
   67 00000074 F000 F89C       BL               forever
   68 00000078         
   69 00000078         case5
   70 00000078 2805            CMP              R0, #5
   71 0000007A D10B            BNE              case6
   72 0000007C         
   73 0000007C F000 F880       BL               DOT
   74 00000080 F000 F87E       BL               DOT
   75 00000084 F000 F87C       BL               DOT
   76 00000088 F000 F87A       BL               DOT
   77 0000008C F000 F878       BL               DOT
   78 00000090         
   79 00000090 F000 F88E       BL               forever
   80 00000094         
   81 00000094         case6
   82 00000094 2806            CMP              R0, #6
   83 00000096 D10B            BNE              case7
   84 00000098         
   85 00000098 F000 F87E       BL               DASH
   86 0000009C F000 F870       BL               DOT
   87 000000A0 F000 F86E       BL               DOT
   88 000000A4 F000 F86C       BL               DOT
   89 000000A8 F000 F86A       BL               DOT
   90 000000AC         
   91 000000AC F000 F880       BL               forever
   92 000000B0         
   93 000000B0         case7
   94 000000B0 2807            CMP              R0, #7
   95 000000B2 D10B            BNE              case8
   96 000000B4         
   97 000000B4 F000 F870       BL               DASH
   98 000000B8 F000 F86E       BL               DASH
   99 000000BC F000 F860       BL               DOT
  100 000000C0 F000 F85E       BL               DOT
  101 000000C4 F000 F85C       BL               DOT
  102 000000C8         
  103 000000C8 F000 F872       BL               forever



ARM Macro Assembler    Page 3 


  104 000000CC         
  105 000000CC         case8
  106 000000CC 2808            CMP              R0, #8
  107 000000CE D10B            BNE              case9
  108 000000D0         
  109 000000D0 F000 F862       BL               DASH
  110 000000D4 F000 F860       BL               DASH
  111 000000D8 F000 F85E       BL               DASH
  112 000000DC F000 F850       BL               DOT
  113 000000E0 F000 F84E       BL               DOT
  114 000000E4         
  115 000000E4 F000 F864       BL               forever
  116 000000E8         
  117 000000E8         case9
  118 000000E8 2809            CMP              R0, #9
  119 000000EA D10B            BNE              case0
  120 000000EC         
  121 000000EC F000 F854       BL               DASH
  122 000000F0 F000 F852       BL               DASH
  123 000000F4 F000 F850       BL               DASH
  124 000000F8 F000 F84E       BL               DASH
  125 000000FC F000 F840       BL               DOT
  126 00000100         
  127 00000100 F000 F856       BL               forever
  128 00000104         
  129 00000104         case0
  130 00000104 2800            CMP              R0, #0
  131 00000106         
  132 00000106 F000 F847       BL               DASH
  133 0000010A F000 F845       BL               DASH
  134 0000010E F000 F843       BL               DASH
  135 00000112 F000 F841       BL               DASH
  136 00000116 F000 F83F       BL               DASH
  137 0000011A         
  138 0000011A F000 F849       BL               forever
  139 0000011E         fib
  140 0000011E         ; Your code goes here!
  141 0000011E         
  142 0000011E         ; Call this function first to set up the LED
  143 0000011E         LEDSETUP
  144 0000011E B430            PUSH             {R4, R5}    ; To preserve R4 an
                                                            d R5
  145 00000120 F44F 6480       LDR              R4, =ten    ; Load the value 1 
                                                            << 10
  146 00000124 4D23            LDR              R5, =SCGC5
  147 00000126 602C            STR              R4, [R5]
  148 00000128         
  149 00000128 F44F 7480       LDR              R4, =eight
  150 0000012C 4D22            LDR              R5, =PCR22
  151 0000012E 602C            STR              R4, [R5]
  152 00000130         
  153 00000130 F44F 0480       LDR              R4, =twentytwo
  154 00000134 4D21            LDR              R5, =PDDR
  155 00000136 602C            STR              R4, [R5]
  156 00000138 BC30            POP              {R4, R5}
  157 0000013A 4770            BX               LR
  158 0000013C         
  159 0000013C         ; The functions below are for you to use freely   
  160 0000013C         



ARM Macro Assembler    Page 4 


  161 0000013C         
  162 0000013C         LED1
  163 0000013C F000 F812       BL               LEDON
  164 00000140         
  165 00000140         
  166 00000140         DELAY1
  167 00000140 B410            PUSH             {R4}
  168 00000142 F64F 74FF       LDR              R4, =0xFFFF
  169 00000146         loop1
  170 00000146 BF00            NOP
  171 00000148         
  172 00000148 3C01            SUBS             R4, #1
  173 0000014A D1FC            BNE              loop1
  174 0000014C BC10            POP              {R4}
  175 0000014E 4770            BX               LR
  176 00000150         
  177 00000150         
  178 00000150         DELAY3
  179 00000150 B410            PUSH             {R4}
  180 00000152 F64F 74FF       LDR              R4, =0xFFFF
  181 00000156         loop2
  182 00000156 BF00            NOP
  183 00000158 BF00            NOP
  184 0000015A BF00            NOP
  185 0000015C         
  186 0000015C 3C01            SUBS             R4, #1
  187 0000015E D1FA            BNE              loop2
  188 00000160 BC10            POP              {R4}
  189 00000162 4770            BX               LR
  190 00000164         LEDON
  191 00000164 B430            PUSH             {R4, R5}
  192 00000166 F44F 0480       LDR              R4, =twentytwo
  193 0000016A 4D15            LDR              R5, =PCOR
  194 0000016C 602C            STR              R4, [R5]
  195 0000016E BC30            POP              {R4, R5}
  196 00000170 4770            BX               LR
  197 00000172         LEDOFF
  198 00000172 B430            PUSH             {R4, R5}
  199 00000174 F44F 0480       LDR              R4, =twentytwo
  200 00000178 4D12            LDR              R5, =PSOR
  201 0000017A 602C            STR              R4, [R5]
  202 0000017C BC30            POP              {R4, R5}
  203 0000017E 4770            BX               LR
  204 00000180         DOT
  205 00000180 B500            PUSH             {LR}
  206 00000182 F7FF FFEF       BL               LEDON
  207 00000186 F7FF FFDB       BL               DELAY1
  208 0000018A F7FF FFF2       BL               LEDOFF
  209 0000018E F7FF FFD7       BL               DELAY1
  210 00000192 F85D EB04       POP{LR}
  211 00000196 4770            BX               LR
  212 00000198         
  213 00000198         DASH
  214 00000198 B500            PUSH             {LR}
  215 0000019A F7FF FFE3       BL               LEDON
  216 0000019E F7FF FFD7       BL               DELAY3
  217 000001A2 F7FF FFE6       BL               LEDOFF
  218 000001A6 F7FF FFCB       BL               DELAY1
  219 000001AA F85D EB04       POP{LR}



ARM Macro Assembler    Page 5 


  220 000001AE 4770            BX               LR
  221 000001B0         
  222 000001B0         
  223 000001B0         forever
  224 000001B0 E7FE            B                forever     ; wait here forever
                                                             
  225 000001B2                 END
              00 00 40048038 
              4004A058 
              400FF054 
              400FF048 
              400FF044 
Command Line: --debug --xref --diag_suppress=9931 --cpu=Cortex-M4.fp --apcs=int
erwork --depend=.\objects\framework.d -o.\objects\framework.o -I"C:\Users\Eric 
the Great\Documents\Cornell University\ECE 3140\RTE\Device\MK64FN1M0VLL12" -I"C
:\Users\Eric the Great\Documents\Cornell University\ECE 3140\RTE\_Target_1" -IC
:\Keil_v5\ARM\PACK\ARM\CMSIS\5.0.0\CMSIS\Include -IC:\Keil_v5\ARM\PACK\Keil\Kin
etis_SDK_DFP\2.2.0\platform\devices --predefine="__EVAL SETA 1" --predefine="__
UVISION_VERSION SETA 522" --predefine="_RTE_ SETA 1" --predefine="CPU_MK64FN1M0
VLL12 SETA 1" --list=.\listings\framework.lst ..\..\..\Downloads\Framework.s



ARM Macro Assembler    Page 1 Alphabetic symbol ordering
Relocatable symbols

DASH 00000198

Symbol: DASH
   Definitions
      At line 213 in file ..\..\..\Downloads\Framework.s
   Uses
      At line 27 in file ..\..\..\Downloads\Framework.s
      At line 28 in file ..\..\..\Downloads\Framework.s
      At line 29 in file ..\..\..\Downloads\Framework.s
      At line 30 in file ..\..\..\Downloads\Framework.s
      At line 40 in file ..\..\..\Downloads\Framework.s
      At line 41 in file ..\..\..\Downloads\Framework.s
      At line 42 in file ..\..\..\Downloads\Framework.s
      At line 53 in file ..\..\..\Downloads\Framework.s
      At line 54 in file ..\..\..\Downloads\Framework.s
      At line 65 in file ..\..\..\Downloads\Framework.s
      At line 85 in file ..\..\..\Downloads\Framework.s
      At line 97 in file ..\..\..\Downloads\Framework.s
      At line 98 in file ..\..\..\Downloads\Framework.s
      At line 109 in file ..\..\..\Downloads\Framework.s
      At line 110 in file ..\..\..\Downloads\Framework.s
      At line 111 in file ..\..\..\Downloads\Framework.s
      At line 121 in file ..\..\..\Downloads\Framework.s
      At line 122 in file ..\..\..\Downloads\Framework.s
      At line 123 in file ..\..\..\Downloads\Framework.s
      At line 124 in file ..\..\..\Downloads\Framework.s
      At line 132 in file ..\..\..\Downloads\Framework.s
      At line 133 in file ..\..\..\Downloads\Framework.s
      At line 134 in file ..\..\..\Downloads\Framework.s
      At line 135 in file ..\..\..\Downloads\Framework.s
      At line 136 in file ..\..\..\Downloads\Framework.s

DELAY1 00000140

Symbol: DELAY1
   Definitions
      At line 166 in file ..\..\..\Downloads\Framework.s
   Uses
      At line 207 in file ..\..\..\Downloads\Framework.s
      At line 209 in file ..\..\..\Downloads\Framework.s
      At line 218 in file ..\..\..\Downloads\Framework.s

DELAY3 00000150

Symbol: DELAY3
   Definitions
      At line 178 in file ..\..\..\Downloads\Framework.s
   Uses
      At line 216 in file ..\..\..\Downloads\Framework.s
Comment: DELAY3 used once
DOT 00000180

Symbol: DOT
   Definitions
      At line 204 in file ..\..\..\Downloads\Framework.s
   Uses
      At line 26 in file ..\..\..\Downloads\Framework.s
      At line 38 in file ..\..\..\Downloads\Framework.s
      At line 39 in file ..\..\..\Downloads\Framework.s



ARM Macro Assembler    Page 2 Alphabetic symbol ordering
Relocatable symbols

      At line 50 in file ..\..\..\Downloads\Framework.s
      At line 51 in file ..\..\..\Downloads\Framework.s
      At line 52 in file ..\..\..\Downloads\Framework.s
      At line 61 in file ..\..\..\Downloads\Framework.s
      At line 62 in file ..\..\..\Downloads\Framework.s
      At line 63 in file ..\..\..\Downloads\Framework.s
      At line 64 in file ..\..\..\Downloads\Framework.s
      At line 73 in file ..\..\..\Downloads\Framework.s
      At line 74 in file ..\..\..\Downloads\Framework.s
      At line 75 in file ..\..\..\Downloads\Framework.s
      At line 76 in file ..\..\..\Downloads\Framework.s
      At line 77 in file ..\..\..\Downloads\Framework.s
      At line 86 in file ..\..\..\Downloads\Framework.s
      At line 87 in file ..\..\..\Downloads\Framework.s
      At line 88 in file ..\..\..\Downloads\Framework.s
      At line 89 in file ..\..\..\Downloads\Framework.s
      At line 99 in file ..\..\..\Downloads\Framework.s
      At line 100 in file ..\..\..\Downloads\Framework.s
      At line 101 in file ..\..\..\Downloads\Framework.s
      At line 112 in file ..\..\..\Downloads\Framework.s
      At line 113 in file ..\..\..\Downloads\Framework.s
      At line 125 in file ..\..\..\Downloads\Framework.s

LED1 0000013C

Symbol: LED1
   Definitions
      At line 162 in file ..\..\..\Downloads\Framework.s
   Uses
      None
Comment: LED1 unused
LEDOFF 00000172

Symbol: LEDOFF
   Definitions
      At line 197 in file ..\..\..\Downloads\Framework.s
   Uses
      At line 208 in file ..\..\..\Downloads\Framework.s
      At line 217 in file ..\..\..\Downloads\Framework.s

LEDON 00000164

Symbol: LEDON
   Definitions
      At line 190 in file ..\..\..\Downloads\Framework.s
   Uses
      At line 163 in file ..\..\..\Downloads\Framework.s
      At line 206 in file ..\..\..\Downloads\Framework.s
      At line 215 in file ..\..\..\Downloads\Framework.s

LEDSETUP 0000011E

Symbol: LEDSETUP
   Definitions
      At line 143 in file ..\..\..\Downloads\Framework.s
   Uses
      At line 19 in file ..\..\..\Downloads\Framework.s
Comment: LEDSETUP used once
Myprog 00000000



ARM Macro Assembler    Page 3 Alphabetic symbol ordering
Relocatable symbols


Symbol: Myprog
   Definitions
      At line 1 in file ..\..\..\Downloads\Framework.s
   Uses
      None
Comment: Myprog unused
__main 00000000

Symbol: __main
   Definitions
      At line 16 in file ..\..\..\Downloads\Framework.s
   Uses
      At line 3 in file ..\..\..\Downloads\Framework.s
Comment: __main used once
case0 00000104

Symbol: case0
   Definitions
      At line 129 in file ..\..\..\Downloads\Framework.s
   Uses
      At line 119 in file ..\..\..\Downloads\Framework.s
Comment: case0 used once
case1 00000008

Symbol: case1
   Definitions
      At line 22 in file ..\..\..\Downloads\Framework.s
   Uses
      None
Comment: case1 unused
case2 00000024

Symbol: case2
   Definitions
      At line 34 in file ..\..\..\Downloads\Framework.s
   Uses
      At line 24 in file ..\..\..\Downloads\Framework.s
Comment: case2 used once
case3 00000040

Symbol: case3
   Definitions
      At line 46 in file ..\..\..\Downloads\Framework.s
   Uses
      At line 36 in file ..\..\..\Downloads\Framework.s
Comment: case3 used once
case4 0000005C

Symbol: case4
   Definitions
      At line 57 in file ..\..\..\Downloads\Framework.s
   Uses
      At line 48 in file ..\..\..\Downloads\Framework.s
Comment: case4 used once
case5 00000078

Symbol: case5
   Definitions



ARM Macro Assembler    Page 4 Alphabetic symbol ordering
Relocatable symbols

      At line 69 in file ..\..\..\Downloads\Framework.s
   Uses
      At line 59 in file ..\..\..\Downloads\Framework.s
Comment: case5 used once
case6 00000094

Symbol: case6
   Definitions
      At line 81 in file ..\..\..\Downloads\Framework.s
   Uses
      At line 71 in file ..\..\..\Downloads\Framework.s
Comment: case6 used once
case7 000000B0

Symbol: case7
   Definitions
      At line 93 in file ..\..\..\Downloads\Framework.s
   Uses
      At line 83 in file ..\..\..\Downloads\Framework.s
Comment: case7 used once
case8 000000CC

Symbol: case8
   Definitions
      At line 105 in file ..\..\..\Downloads\Framework.s
   Uses
      At line 95 in file ..\..\..\Downloads\Framework.s
Comment: case8 used once
case9 000000E8

Symbol: case9
   Definitions
      At line 117 in file ..\..\..\Downloads\Framework.s
   Uses
      At line 107 in file ..\..\..\Downloads\Framework.s
Comment: case9 used once
fib 0000011E

Symbol: fib
   Definitions
      At line 139 in file ..\..\..\Downloads\Framework.s
   Uses
      None
Comment: fib unused
forever 000001B0

Symbol: forever
   Definitions
      At line 223 in file ..\..\..\Downloads\Framework.s
   Uses
      At line 32 in file ..\..\..\Downloads\Framework.s
      At line 44 in file ..\..\..\Downloads\Framework.s
      At line 56 in file ..\..\..\Downloads\Framework.s
      At line 67 in file ..\..\..\Downloads\Framework.s
      At line 79 in file ..\..\..\Downloads\Framework.s
      At line 91 in file ..\..\..\Downloads\Framework.s
      At line 103 in file ..\..\..\Downloads\Framework.s
      At line 115 in file ..\..\..\Downloads\Framework.s
      At line 127 in file ..\..\..\Downloads\Framework.s



ARM Macro Assembler    Page 5 Alphabetic symbol ordering
Relocatable symbols

      At line 138 in file ..\..\..\Downloads\Framework.s
      At line 224 in file ..\..\..\Downloads\Framework.s

loop1 00000146

Symbol: loop1
   Definitions
      At line 169 in file ..\..\..\Downloads\Framework.s
   Uses
      At line 173 in file ..\..\..\Downloads\Framework.s
Comment: loop1 used once
loop2 00000156

Symbol: loop2
   Definitions
      At line 181 in file ..\..\..\Downloads\Framework.s
   Uses
      At line 187 in file ..\..\..\Downloads\Framework.s
Comment: loop2 used once
24 symbols



ARM Macro Assembler    Page 1 Alphabetic symbol ordering
Absolute symbols

PCOR 400FF048

Symbol: PCOR
   Definitions
      At line 9 in file ..\..\..\Downloads\Framework.s
   Uses
      At line 193 in file ..\..\..\Downloads\Framework.s
Comment: PCOR used once
PCR22 4004A058

Symbol: PCR22
   Definitions
      At line 6 in file ..\..\..\Downloads\Framework.s
   Uses
      At line 150 in file ..\..\..\Downloads\Framework.s
Comment: PCR22 used once
PDDR 400FF054

Symbol: PDDR
   Definitions
      At line 8 in file ..\..\..\Downloads\Framework.s
   Uses
      At line 154 in file ..\..\..\Downloads\Framework.s
Comment: PDDR used once
PSOR 400FF044

Symbol: PSOR
   Definitions
      At line 10 in file ..\..\..\Downloads\Framework.s
   Uses
      At line 200 in file ..\..\..\Downloads\Framework.s
Comment: PSOR used once
SCGC5 40048038

Symbol: SCGC5
   Definitions
      At line 7 in file ..\..\..\Downloads\Framework.s
   Uses
      At line 146 in file ..\..\..\Downloads\Framework.s
Comment: SCGC5 used once
eight 00000100

Symbol: eight
   Definitions
      At line 13 in file ..\..\..\Downloads\Framework.s
   Uses
      At line 149 in file ..\..\..\Downloads\Framework.s
Comment: eight used once
ten 00000400

Symbol: ten
   Definitions
      At line 12 in file ..\..\..\Downloads\Framework.s
   Uses
      At line 145 in file ..\..\..\Downloads\Framework.s
Comment: ten used once
twentytwo 00400000

Symbol: twentytwo



ARM Macro Assembler    Page 2 Alphabetic symbol ordering
Absolute symbols

   Definitions
      At line 14 in file ..\..\..\Downloads\Framework.s
   Uses
      At line 153 in file ..\..\..\Downloads\Framework.s
      At line 192 in file ..\..\..\Downloads\Framework.s
      At line 199 in file ..\..\..\Downloads\Framework.s

8 symbols
369 symbols in table
